I, [2018-05-19T04:42:59.282365 #37]  INFO -- : [fc22814a-22e0-4370-b2e8-4a0652e5340c] Started GET "/" for 172.17.0.1 at 2018-05-19 04:42:59 +0000
F, [2018-05-19T04:42:59.284429 #37] FATAL -- : [fc22814a-22e0-4370-b2e8-4a0652e5340c]   
F, [2018-05-19T04:42:59.284901 #37] FATAL -- : [fc22814a-22e0-4370-b2e8-4a0652e5340c] ActionController::RoutingError (No route matches [GET] "/"):
F, [2018-05-19T04:42:59.285211 #37] FATAL -- : [fc22814a-22e0-4370-b2e8-4a0652e5340c]   
F, [2018-05-19T04:42:59.285493 #37] FATAL -- : [fc22814a-22e0-4370-b2e8-4a0652e5340c] actionpack (5.2.0) lib/action_dispatch/middleware/debug_exceptions.rb:65:in `call'
[fc22814a-22e0-4370-b2e8-4a0652e5340c] actionpack (5.2.0) lib/action_dispatch/middleware/show_exceptions.rb:33:in `call'
[fc22814a-22e0-4370-b2e8-4a0652e5340c] railties (5.2.0) lib/rails/rack/logger.rb:38:in `call_app'
[fc22814a-22e0-4370-b2e8-4a0652e5340c] railties (5.2.0) lib/rails/rack/logger.rb:26:in `block in call'
[fc22814a-22e0-4370-b2e8-4a0652e5340c] activesupport (5.2.0) lib/active_support/tagged_logging.rb:71:in `block in tagged'
[fc22814a-22e0-4370-b2e8-4a0652e5340c] activesupport (5.2.0) lib/active_support/tagged_logging.rb:28:in `tagged'
[fc22814a-22e0-4370-b2e8-4a0652e5340c] activesupport (5.2.0) lib/active_support/tagged_logging.rb:71:in `tagged'
[fc22814a-22e0-4370-b2e8-4a0652e5340c] railties (5.2.0) lib/rails/rack/logger.rb:26:in `call'
[fc22814a-22e0-4370-b2e8-4a0652e5340c] actionpack (5.2.0) lib/action_dispatch/middleware/remote_ip.rb:81:in `call'
[fc22814a-22e0-4370-b2e8-4a0652e5340c] actionpack (5.2.0) lib/action_dispatch/middleware/request_id.rb:27:in `call'
[fc22814a-22e0-4370-b2e8-4a0652e5340c] rack (2.0.5) lib/rack/method_override.rb:22:in `call'
[fc22814a-22e0-4370-b2e8-4a0652e5340c] rack (2.0.5) lib/rack/runtime.rb:22:in `call'
[fc22814a-22e0-4370-b2e8-4a0652e5340c] activesupport (5.2.0) lib/active_support/cache/strategy/local_cache_middleware.rb:29:in `call'
[fc22814a-22e0-4370-b2e8-4a0652e5340c] actionpack (5.2.0) lib/action_dispatch/middleware/executor.rb:14:in `call'
[fc22814a-22e0-4370-b2e8-4a0652e5340c] rack (2.0.5) lib/rack/sendfile.rb:111:in `call'
[fc22814a-22e0-4370-b2e8-4a0652e5340c] railties (5.2.0) lib/rails/engine.rb:524:in `call'
[fc22814a-22e0-4370-b2e8-4a0652e5340c] puma (3.11.4) lib/puma/configuration.rb:225:in `call'
[fc22814a-22e0-4370-b2e8-4a0652e5340c] puma (3.11.4) lib/puma/server.rb:632:in `handle_request'
[fc22814a-22e0-4370-b2e8-4a0652e5340c] puma (3.11.4) lib/puma/server.rb:446:in `process_client'
[fc22814a-22e0-4370-b2e8-4a0652e5340c] puma (3.11.4) lib/puma/server.rb:306:in `block in run'
[fc22814a-22e0-4370-b2e8-4a0652e5340c] puma (3.11.4) lib/puma/thread_pool.rb:120:in `block in spawn_thread'
I, [2018-05-19T04:42:59.685440 #37]  INFO -- : [d07da58e-91fd-4637-b4ad-374ff0995bf5] Started GET "/favicon.ico" for 172.17.0.1 at 2018-05-19 04:42:59 +0000
F, [2018-05-19T04:42:59.686616 #37] FATAL -- : [d07da58e-91fd-4637-b4ad-374ff0995bf5]   
F, [2018-05-19T04:42:59.687627 #37] FATAL -- : [d07da58e-91fd-4637-b4ad-374ff0995bf5] ActionController::RoutingError (No route matches [GET] "/favicon.ico"):
F, [2018-05-19T04:42:59.687989 #37] FATAL -- : [d07da58e-91fd-4637-b4ad-374ff0995bf5]   
F, [2018-05-19T04:42:59.688340 #37] FATAL -- : [d07da58e-91fd-4637-b4ad-374ff0995bf5] actionpack (5.2.0) lib/action_dispatch/middleware/debug_exceptions.rb:65:in `call'
[d07da58e-91fd-4637-b4ad-374ff0995bf5] actionpack (5.2.0) lib/action_dispatch/middleware/show_exceptions.rb:33:in `call'
[d07da58e-91fd-4637-b4ad-374ff0995bf5] railties (5.2.0) lib/rails/rack/logger.rb:38:in `call_app'
[d07da58e-91fd-4637-b4ad-374ff0995bf5] railties (5.2.0) lib/rails/rack/logger.rb:26:in `block in call'
[d07da58e-91fd-4637-b4ad-374ff0995bf5] activesupport (5.2.0) lib/active_support/tagged_logging.rb:71:in `block in tagged'
[d07da58e-91fd-4637-b4ad-374ff0995bf5] activesupport (5.2.0) lib/active_support/tagged_logging.rb:28:in `tagged'
[d07da58e-91fd-4637-b4ad-374ff0995bf5] activesupport (5.2.0) lib/active_support/tagged_logging.rb:71:in `tagged'
[d07da58e-91fd-4637-b4ad-374ff0995bf5] railties (5.2.0) lib/rails/rack/logger.rb:26:in `call'
[d07da58e-91fd-4637-b4ad-374ff0995bf5] actionpack (5.2.0) lib/action_dispatch/middleware/remote_ip.rb:81:in `call'
[d07da58e-91fd-4637-b4ad-374ff0995bf5] actionpack (5.2.0) lib/action_dispatch/middleware/request_id.rb:27:in `call'
[d07da58e-91fd-4637-b4ad-374ff0995bf5] rack (2.0.5) lib/rack/method_override.rb:22:in `call'
[d07da58e-91fd-4637-b4ad-374ff0995bf5] rack (2.0.5) lib/rack/runtime.rb:22:in `call'
[d07da58e-91fd-4637-b4ad-374ff0995bf5] activesupport (5.2.0) lib/active_support/cache/strategy/local_cache_middleware.rb:29:in `call'
[d07da58e-91fd-4637-b4ad-374ff0995bf5] actionpack (5.2.0) lib/action_dispatch/middleware/executor.rb:14:in `call'
[d07da58e-91fd-4637-b4ad-374ff0995bf5] rack (2.0.5) lib/rack/sendfile.rb:111:in `call'
[d07da58e-91fd-4637-b4ad-374ff0995bf5] railties (5.2.0) lib/rails/engine.rb:524:in `call'
[d07da58e-91fd-4637-b4ad-374ff0995bf5] puma (3.11.4) lib/puma/configuration.rb:225:in `call'
[d07da58e-91fd-4637-b4ad-374ff0995bf5] puma (3.11.4) lib/puma/server.rb:632:in `handle_request'
[d07da58e-91fd-4637-b4ad-374ff0995bf5] puma (3.11.4) lib/puma/server.rb:446:in `process_client'
[d07da58e-91fd-4637-b4ad-374ff0995bf5] puma (3.11.4) lib/puma/server.rb:306:in `block in run'
[d07da58e-91fd-4637-b4ad-374ff0995bf5] puma (3.11.4) lib/puma/thread_pool.rb:120:in `block in spawn_thread'
I, [2018-05-19T04:56:39.737827 #92]  INFO -- : [c3e4dd02-5155-4622-95ec-2d3d69990961] Started GET "/" for 172.17.0.1 at 2018-05-19 04:56:39 +0000
F, [2018-05-19T04:56:39.740210 #92] FATAL -- : [c3e4dd02-5155-4622-95ec-2d3d69990961]   
F, [2018-05-19T04:56:39.740577 #92] FATAL -- : [c3e4dd02-5155-4622-95ec-2d3d69990961] ActionController::RoutingError (No route matches [GET] "/"):
F, [2018-05-19T04:56:39.740869 #92] FATAL -- : [c3e4dd02-5155-4622-95ec-2d3d69990961]   
F, [2018-05-19T04:56:39.741173 #92] FATAL -- : [c3e4dd02-5155-4622-95ec-2d3d69990961] actionpack (5.2.0) lib/action_dispatch/middleware/debug_exceptions.rb:65:in `call'
[c3e4dd02-5155-4622-95ec-2d3d69990961] actionpack (5.2.0) lib/action_dispatch/middleware/show_exceptions.rb:33:in `call'
[c3e4dd02-5155-4622-95ec-2d3d69990961] railties (5.2.0) lib/rails/rack/logger.rb:38:in `call_app'
[c3e4dd02-5155-4622-95ec-2d3d69990961] railties (5.2.0) lib/rails/rack/logger.rb:26:in `block in call'
[c3e4dd02-5155-4622-95ec-2d3d69990961] activesupport (5.2.0) lib/active_support/tagged_logging.rb:71:in `block in tagged'
[c3e4dd02-5155-4622-95ec-2d3d69990961] activesupport (5.2.0) lib/active_support/tagged_logging.rb:28:in `tagged'
[c3e4dd02-5155-4622-95ec-2d3d69990961] activesupport (5.2.0) lib/active_support/tagged_logging.rb:71:in `tagged'
[c3e4dd02-5155-4622-95ec-2d3d69990961] railties (5.2.0) lib/rails/rack/logger.rb:26:in `call'
[c3e4dd02-5155-4622-95ec-2d3d69990961] actionpack (5.2.0) lib/action_dispatch/middleware/remote_ip.rb:81:in `call'
[c3e4dd02-5155-4622-95ec-2d3d69990961] actionpack (5.2.0) lib/action_dispatch/middleware/request_id.rb:27:in `call'
[c3e4dd02-5155-4622-95ec-2d3d69990961] rack (2.0.5) lib/rack/method_override.rb:22:in `call'
[c3e4dd02-5155-4622-95ec-2d3d69990961] rack (2.0.5) lib/rack/runtime.rb:22:in `call'
[c3e4dd02-5155-4622-95ec-2d3d69990961] activesupport (5.2.0) lib/active_support/cache/strategy/local_cache_middleware.rb:29:in `call'
[c3e4dd02-5155-4622-95ec-2d3d69990961] actionpack (5.2.0) lib/action_dispatch/middleware/executor.rb:14:in `call'
[c3e4dd02-5155-4622-95ec-2d3d69990961] rack (2.0.5) lib/rack/sendfile.rb:111:in `call'
[c3e4dd02-5155-4622-95ec-2d3d69990961] railties (5.2.0) lib/rails/engine.rb:524:in `call'
[c3e4dd02-5155-4622-95ec-2d3d69990961] puma (3.11.4) lib/puma/configuration.rb:225:in `call'
[c3e4dd02-5155-4622-95ec-2d3d69990961] puma (3.11.4) lib/puma/server.rb:632:in `handle_request'
[c3e4dd02-5155-4622-95ec-2d3d69990961] puma (3.11.4) lib/puma/server.rb:446:in `process_client'
[c3e4dd02-5155-4622-95ec-2d3d69990961] puma (3.11.4) lib/puma/server.rb:306:in `block in run'
[c3e4dd02-5155-4622-95ec-2d3d69990961] puma (3.11.4) lib/puma/thread_pool.rb:120:in `block in spawn_thread'
I, [2018-05-19T04:56:49.442485 #92]  INFO -- : [b5347745-51c0-4e2e-9834-8dc25932a905] Started GET "/searchterm" for 172.17.0.1 at 2018-05-19 04:56:49 +0000
F, [2018-05-19T04:56:49.443239 #92] FATAL -- : [b5347745-51c0-4e2e-9834-8dc25932a905]   
F, [2018-05-19T04:56:49.443551 #92] FATAL -- : [b5347745-51c0-4e2e-9834-8dc25932a905] ActionController::RoutingError (No route matches [GET] "/searchterm"):
F, [2018-05-19T04:56:49.443828 #92] FATAL -- : [b5347745-51c0-4e2e-9834-8dc25932a905]   
F, [2018-05-19T04:56:49.444146 #92] FATAL -- : [b5347745-51c0-4e2e-9834-8dc25932a905] actionpack (5.2.0) lib/action_dispatch/middleware/debug_exceptions.rb:65:in `call'
[b5347745-51c0-4e2e-9834-8dc25932a905] actionpack (5.2.0) lib/action_dispatch/middleware/show_exceptions.rb:33:in `call'
[b5347745-51c0-4e2e-9834-8dc25932a905] railties (5.2.0) lib/rails/rack/logger.rb:38:in `call_app'
[b5347745-51c0-4e2e-9834-8dc25932a905] railties (5.2.0) lib/rails/rack/logger.rb:26:in `block in call'
[b5347745-51c0-4e2e-9834-8dc25932a905] activesupport (5.2.0) lib/active_support/tagged_logging.rb:71:in `block in tagged'
[b5347745-51c0-4e2e-9834-8dc25932a905] activesupport (5.2.0) lib/active_support/tagged_logging.rb:28:in `tagged'
[b5347745-51c0-4e2e-9834-8dc25932a905] activesupport (5.2.0) lib/active_support/tagged_logging.rb:71:in `tagged'
[b5347745-51c0-4e2e-9834-8dc25932a905] railties (5.2.0) lib/rails/rack/logger.rb:26:in `call'
[b5347745-51c0-4e2e-9834-8dc25932a905] actionpack (5.2.0) lib/action_dispatch/middleware/remote_ip.rb:81:in `call'
[b5347745-51c0-4e2e-9834-8dc25932a905] actionpack (5.2.0) lib/action_dispatch/middleware/request_id.rb:27:in `call'
[b5347745-51c0-4e2e-9834-8dc25932a905] rack (2.0.5) lib/rack/method_override.rb:22:in `call'
[b5347745-51c0-4e2e-9834-8dc25932a905] rack (2.0.5) lib/rack/runtime.rb:22:in `call'
[b5347745-51c0-4e2e-9834-8dc25932a905] activesupport (5.2.0) lib/active_support/cache/strategy/local_cache_middleware.rb:29:in `call'
[b5347745-51c0-4e2e-9834-8dc25932a905] actionpack (5.2.0) lib/action_dispatch/middleware/executor.rb:14:in `call'
[b5347745-51c0-4e2e-9834-8dc25932a905] rack (2.0.5) lib/rack/sendfile.rb:111:in `call'
[b5347745-51c0-4e2e-9834-8dc25932a905] railties (5.2.0) lib/rails/engine.rb:524:in `call'
[b5347745-51c0-4e2e-9834-8dc25932a905] puma (3.11.4) lib/puma/configuration.rb:225:in `call'
[b5347745-51c0-4e2e-9834-8dc25932a905] puma (3.11.4) lib/puma/server.rb:632:in `handle_request'
[b5347745-51c0-4e2e-9834-8dc25932a905] puma (3.11.4) lib/puma/server.rb:446:in `process_client'
[b5347745-51c0-4e2e-9834-8dc25932a905] puma (3.11.4) lib/puma/server.rb:306:in `block in run'
[b5347745-51c0-4e2e-9834-8dc25932a905] puma (3.11.4) lib/puma/thread_pool.rb:120:in `block in spawn_thread'
I, [2018-05-19T04:56:59.180309 #92]  INFO -- : [0163f071-a905-42a5-9b9e-c948dd5b4bbf] Started GET "/searchterms" for 172.17.0.1 at 2018-05-19 04:56:59 +0000
I, [2018-05-19T04:56:59.181383 #92]  INFO -- : [0163f071-a905-42a5-9b9e-c948dd5b4bbf] Processing by SearchtermsController#index as HTML
I, [2018-05-19T04:56:59.212524 #92]  INFO -- : [0163f071-a905-42a5-9b9e-c948dd5b4bbf]   Rendering searchterms/index.html.erb within layouts/application
I, [2018-05-19T04:57:27.568084 #92]  INFO -- : [0163f071-a905-42a5-9b9e-c948dd5b4bbf]   Rendered searchterms/index.html.erb within layouts/application (28355.2ms)
I, [2018-05-19T04:57:27.568583 #92]  INFO -- : [0163f071-a905-42a5-9b9e-c948dd5b4bbf] Completed 500 Internal Server Error in 28387ms
F, [2018-05-19T04:57:27.569480 #92] FATAL -- : [0163f071-a905-42a5-9b9e-c948dd5b4bbf]   
F, [2018-05-19T04:57:27.569763 #92] FATAL -- : [0163f071-a905-42a5-9b9e-c948dd5b4bbf] ActionView::Template::Error (server closed the connection unexpectedly
	This probably means the server terminated abnormally
	before or while processing the request.
):
F, [2018-05-19T04:57:27.570212 #92] FATAL -- : [0163f071-a905-42a5-9b9e-c948dd5b4bbf]     12:   </thead>
[0163f071-a905-42a5-9b9e-c948dd5b4bbf]     13: 
[0163f071-a905-42a5-9b9e-c948dd5b4bbf]     14:   <tbody>
[0163f071-a905-42a5-9b9e-c948dd5b4bbf]     15:     <% @searchterms.each do |searchterm| %>
[0163f071-a905-42a5-9b9e-c948dd5b4bbf]     16:       <tr>
[0163f071-a905-42a5-9b9e-c948dd5b4bbf]     17:         <td><%= searchterm.user_id %></td>
[0163f071-a905-42a5-9b9e-c948dd5b4bbf]     18:         <td><%= searchterm.search_term %></td>
F, [2018-05-19T04:57:27.570442 #92] FATAL -- : [0163f071-a905-42a5-9b9e-c948dd5b4bbf]   
F, [2018-05-19T04:57:27.570665 #92] FATAL -- : [0163f071-a905-42a5-9b9e-c948dd5b4bbf] app/views/searchterms/index.html.erb:15:in `_app_views_searchterms_index_html_erb__4311937753492450127_47271897550880'
I, [2018-05-19T05:00:43.073671 #118]  INFO -- : [7b2c7656-b797-45c4-885b-8a06ed5e2bc5] Started GET "/competitor_prices" for 172.17.0.1 at 2018-05-19 05:00:43 +0000
I, [2018-05-19T05:00:43.076158 #118]  INFO -- : [7b2c7656-b797-45c4-885b-8a06ed5e2bc5] Processing by CompetitorPricesController#index as HTML
I, [2018-05-19T05:00:43.116338 #118]  INFO -- : [7b2c7656-b797-45c4-885b-8a06ed5e2bc5]   Rendering competitor_prices/index.html.erb within layouts/application
I, [2018-05-19T05:00:43.130348 #118]  INFO -- : [7b2c7656-b797-45c4-885b-8a06ed5e2bc5]   Rendered competitor_prices/index.html.erb within layouts/application (13.5ms)
I, [2018-05-19T05:00:43.130758 #118]  INFO -- : [7b2c7656-b797-45c4-885b-8a06ed5e2bc5] Completed 500 Internal Server Error in 54ms
F, [2018-05-19T05:00:43.131663 #118] FATAL -- : [7b2c7656-b797-45c4-885b-8a06ed5e2bc5]   
F, [2018-05-19T05:00:43.132033 #118] FATAL -- : [7b2c7656-b797-45c4-885b-8a06ed5e2bc5] ActionView::Template::Error (could not connect to server: Connection refused
	Is the server running on host "host.docker.internal" (192.168.65.2) and accepting
	TCP/IP connections on port 5432?
):
F, [2018-05-19T05:00:43.132617 #118] FATAL -- : [7b2c7656-b797-45c4-885b-8a06ed5e2bc5]     16:   </thead>
[7b2c7656-b797-45c4-885b-8a06ed5e2bc5]     17: 
[7b2c7656-b797-45c4-885b-8a06ed5e2bc5]     18:   <tbody>
[7b2c7656-b797-45c4-885b-8a06ed5e2bc5]     19:     <% @competitor_prices.each do |competitor_price| %>
[7b2c7656-b797-45c4-885b-8a06ed5e2bc5]     20:       <tr>
[7b2c7656-b797-45c4-885b-8a06ed5e2bc5]     21:         <td><%= competitor_price.imageurl %></td>
[7b2c7656-b797-45c4-885b-8a06ed5e2bc5]     22:         <td><%= competitor_price.price %></td>
F, [2018-05-19T05:00:43.133061 #118] FATAL -- : [7b2c7656-b797-45c4-885b-8a06ed5e2bc5]   
F, [2018-05-19T05:00:43.133442 #118] FATAL -- : [7b2c7656-b797-45c4-885b-8a06ed5e2bc5] app/views/competitor_prices/index.html.erb:19:in `_app_views_competitor_prices_index_html_erb__1525097578782365922_47181718369680'
I, [2018-05-19T05:08:00.078092 #118]  INFO -- : [0bf88d82-3080-47d1-9b91-cb2181e90027] Started GET "/" for 172.17.0.1 at 2018-05-19 05:08:00 +0000
F, [2018-05-19T05:08:00.078977 #118] FATAL -- : [0bf88d82-3080-47d1-9b91-cb2181e90027]   
F, [2018-05-19T05:08:00.079282 #118] FATAL -- : [0bf88d82-3080-47d1-9b91-cb2181e90027] ActionController::RoutingError (No route matches [GET] "/"):
F, [2018-05-19T05:08:00.079581 #118] FATAL -- : [0bf88d82-3080-47d1-9b91-cb2181e90027]   
F, [2018-05-19T05:08:00.079899 #118] FATAL -- : [0bf88d82-3080-47d1-9b91-cb2181e90027] actionpack (5.2.0) lib/action_dispatch/middleware/debug_exceptions.rb:65:in `call'
[0bf88d82-3080-47d1-9b91-cb2181e90027] actionpack (5.2.0) lib/action_dispatch/middleware/show_exceptions.rb:33:in `call'
[0bf88d82-3080-47d1-9b91-cb2181e90027] railties (5.2.0) lib/rails/rack/logger.rb:38:in `call_app'
[0bf88d82-3080-47d1-9b91-cb2181e90027] railties (5.2.0) lib/rails/rack/logger.rb:26:in `block in call'
[0bf88d82-3080-47d1-9b91-cb2181e90027] activesupport (5.2.0) lib/active_support/tagged_logging.rb:71:in `block in tagged'
[0bf88d82-3080-47d1-9b91-cb2181e90027] activesupport (5.2.0) lib/active_support/tagged_logging.rb:28:in `tagged'
[0bf88d82-3080-47d1-9b91-cb2181e90027] activesupport (5.2.0) lib/active_support/tagged_logging.rb:71:in `tagged'
[0bf88d82-3080-47d1-9b91-cb2181e90027] railties (5.2.0) lib/rails/rack/logger.rb:26:in `call'
[0bf88d82-3080-47d1-9b91-cb2181e90027] actionpack (5.2.0) lib/action_dispatch/middleware/remote_ip.rb:81:in `call'
[0bf88d82-3080-47d1-9b91-cb2181e90027] actionpack (5.2.0) lib/action_dispatch/middleware/request_id.rb:27:in `call'
[0bf88d82-3080-47d1-9b91-cb2181e90027] rack (2.0.5) lib/rack/method_override.rb:22:in `call'
[0bf88d82-3080-47d1-9b91-cb2181e90027] rack (2.0.5) lib/rack/runtime.rb:22:in `call'
[0bf88d82-3080-47d1-9b91-cb2181e90027] activesupport (5.2.0) lib/active_support/cache/strategy/local_cache_middleware.rb:29:in `call'
[0bf88d82-3080-47d1-9b91-cb2181e90027] actionpack (5.2.0) lib/action_dispatch/middleware/executor.rb:14:in `call'
[0bf88d82-3080-47d1-9b91-cb2181e90027] rack (2.0.5) lib/rack/sendfile.rb:111:in `call'
[0bf88d82-3080-47d1-9b91-cb2181e90027] railties (5.2.0) lib/rails/engine.rb:524:in `call'
[0bf88d82-3080-47d1-9b91-cb2181e90027] puma (3.11.4) lib/puma/configuration.rb:225:in `call'
[0bf88d82-3080-47d1-9b91-cb2181e90027] puma (3.11.4) lib/puma/server.rb:632:in `handle_request'
[0bf88d82-3080-47d1-9b91-cb2181e90027] puma (3.11.4) lib/puma/server.rb:446:in `process_client'
[0bf88d82-3080-47d1-9b91-cb2181e90027] puma (3.11.4) lib/puma/server.rb:306:in `block in run'
[0bf88d82-3080-47d1-9b91-cb2181e90027] puma (3.11.4) lib/puma/thread_pool.rb:120:in `block in spawn_thread'
I, [2018-05-19T05:08:23.657524 #118]  INFO -- : [45d93e62-ae38-48fa-8723-400e41e093e4] Started GET "/searchterms" for 172.17.0.1 at 2018-05-19 05:08:23 +0000
I, [2018-05-19T05:08:23.658539 #118]  INFO -- : [45d93e62-ae38-48fa-8723-400e41e093e4] Processing by SearchtermsController#index as HTML
I, [2018-05-19T05:08:23.678576 #118]  INFO -- : [45d93e62-ae38-48fa-8723-400e41e093e4]   Rendering searchterms/index.html.erb within layouts/application
D, [2018-05-19T05:08:23.963693 #118] DEBUG -- : [45d93e62-ae38-48fa-8723-400e41e093e4]   [1m[36mSearchterm Load (21.4ms)[0m  [1m[34mSELECT "searchterms".* FROM "searchterms"[0m
I, [2018-05-19T05:08:23.976633 #118]  INFO -- : [45d93e62-ae38-48fa-8723-400e41e093e4]   Rendered searchterms/index.html.erb within layouts/application (297.6ms)
I, [2018-05-19T05:08:23.977568 #118]  INFO -- : [45d93e62-ae38-48fa-8723-400e41e093e4] Completed 500 Internal Server Error in 318ms (ActiveRecord: 155.0ms)
F, [2018-05-19T05:08:23.978737 #118] FATAL -- : [45d93e62-ae38-48fa-8723-400e41e093e4]   
F, [2018-05-19T05:08:23.979192 #118] FATAL -- : [45d93e62-ae38-48fa-8723-400e41e093e4] ActionView::Template::Error (PG::UndefinedTable: ERROR:  relation "searchterms" does not exist
LINE 1: SELECT "searchterms".* FROM "searchterms"
                                    ^
: SELECT "searchterms".* FROM "searchterms"):
F, [2018-05-19T05:08:23.979641 #118] FATAL -- : [45d93e62-ae38-48fa-8723-400e41e093e4]     12:   </thead>
[45d93e62-ae38-48fa-8723-400e41e093e4]     13: 
[45d93e62-ae38-48fa-8723-400e41e093e4]     14:   <tbody>
[45d93e62-ae38-48fa-8723-400e41e093e4]     15:     <% @searchterms.each do |searchterm| %>
[45d93e62-ae38-48fa-8723-400e41e093e4]     16:       <tr>
[45d93e62-ae38-48fa-8723-400e41e093e4]     17:         <td><%= searchterm.user_id %></td>
[45d93e62-ae38-48fa-8723-400e41e093e4]     18:         <td><%= searchterm.search_term %></td>
F, [2018-05-19T05:08:23.979934 #118] FATAL -- : [45d93e62-ae38-48fa-8723-400e41e093e4]   
F, [2018-05-19T05:08:23.980217 #118] FATAL -- : [45d93e62-ae38-48fa-8723-400e41e093e4] app/views/searchterms/index.html.erb:15:in `_app_views_searchterms_index_html_erb___1525945487427094460_47181717628720'
I, [2018-05-19T05:08:46.179148 #118]  INFO -- : [1c7e3d7c-0ba9-47a9-8f29-9b956887683d] Started GET "/searchterms" for 172.17.0.1 at 2018-05-19 05:08:46 +0000
I, [2018-05-19T05:08:46.180136 #118]  INFO -- : [1c7e3d7c-0ba9-47a9-8f29-9b956887683d] Processing by SearchtermsController#index as HTML
I, [2018-05-19T05:08:46.181300 #118]  INFO -- : [1c7e3d7c-0ba9-47a9-8f29-9b956887683d]   Rendering searchterms/index.html.erb within layouts/application
D, [2018-05-19T05:08:46.218284 #118] DEBUG -- : [1c7e3d7c-0ba9-47a9-8f29-9b956887683d]   [1m[36mSearchterm Load (17.2ms)[0m  [1m[34mSELECT "searchterms".* FROM "searchterms"[0m
I, [2018-05-19T05:08:46.231633 #118]  INFO -- : [1c7e3d7c-0ba9-47a9-8f29-9b956887683d]   Rendered searchterms/index.html.erb within layouts/application (49.8ms)
I, [2018-05-19T05:08:46.232219 #118]  INFO -- : [1c7e3d7c-0ba9-47a9-8f29-9b956887683d] Completed 500 Internal Server Error in 52ms (ActiveRecord: 17.2ms)
F, [2018-05-19T05:08:46.233249 #118] FATAL -- : [1c7e3d7c-0ba9-47a9-8f29-9b956887683d]   
F, [2018-05-19T05:08:46.233668 #118] FATAL -- : [1c7e3d7c-0ba9-47a9-8f29-9b956887683d] ActionView::Template::Error (PG::UndefinedTable: ERROR:  relation "searchterms" does not exist
LINE 1: SELECT "searchterms".* FROM "searchterms"
                                    ^
: SELECT "searchterms".* FROM "searchterms"):
F, [2018-05-19T05:08:46.234167 #118] FATAL -- : [1c7e3d7c-0ba9-47a9-8f29-9b956887683d]     12:   </thead>
[1c7e3d7c-0ba9-47a9-8f29-9b956887683d]     13: 
[1c7e3d7c-0ba9-47a9-8f29-9b956887683d]     14:   <tbody>
[1c7e3d7c-0ba9-47a9-8f29-9b956887683d]     15:     <% @searchterms.each do |searchterm| %>
[1c7e3d7c-0ba9-47a9-8f29-9b956887683d]     16:       <tr>
[1c7e3d7c-0ba9-47a9-8f29-9b956887683d]     17:         <td><%= searchterm.user_id %></td>
[1c7e3d7c-0ba9-47a9-8f29-9b956887683d]     18:         <td><%= searchterm.search_term %></td>
F, [2018-05-19T05:08:46.234551 #118] FATAL -- : [1c7e3d7c-0ba9-47a9-8f29-9b956887683d]   
F, [2018-05-19T05:08:46.234884 #118] FATAL -- : [1c7e3d7c-0ba9-47a9-8f29-9b956887683d] app/views/searchterms/index.html.erb:15:in `_app_views_searchterms_index_html_erb___1525945487427094460_47181717628720'
D, [2018-05-19T05:09:16.503117 #133] DEBUG -- :   [1m[35m (18.2ms)[0m  [1m[34mSELECT pg_try_advisory_lock(6611380745613785295)[0m
D, [2018-05-19T05:09:16.598910 #133] DEBUG -- :   [1m[35m (16.3ms)[0m  [1m[34mSELECT "schema_migrations"."version" FROM "schema_migrations" ORDER BY "schema_migrations"."version" ASC[0m
I, [2018-05-19T05:09:16.603903 #133]  INFO -- : Migrating to CreateCompetitors (20180519042623)
D, [2018-05-19T05:09:16.642522 #133] DEBUG -- :   [1m[35m (15.8ms)[0m  [1m[35mBEGIN[0m
D, [2018-05-19T05:09:16.676042 #133] DEBUG -- :   [1m[35m (27.0ms)[0m  [1m[35mCREATE TABLE "competitors" ("id" bigserial primary key, "imageurl" character varying, "latitude" character varying, "longitude" character varying, "price" integer, "source" character varying, "title" character varying, "update_at" character varying, "url" character varying, "user_id" character varying, "created_at" timestamp NOT NULL, "updated_at" timestamp NOT NULL)[0m
D, [2018-05-19T05:09:16.734798 #133] DEBUG -- :   [1m[36mActiveRecord::SchemaMigration Create (18.0ms)[0m  [1m[32mINSERT INTO "schema_migrations" ("version") VALUES ($1) RETURNING "version"[0m  [["version", "20180519042623"]]
D, [2018-05-19T05:09:16.755584 #133] DEBUG -- :   [1m[35m (19.8ms)[0m  [1m[35mCOMMIT[0m
I, [2018-05-19T05:09:16.756358 #133]  INFO -- : Migrating to CreateSearchterms (20180519044814)
D, [2018-05-19T05:09:16.787537 #133] DEBUG -- :   [1m[35m (16.2ms)[0m  [1m[35mBEGIN[0m
D, [2018-05-19T05:09:16.812574 #133] DEBUG -- :   [1m[35m (23.3ms)[0m  [1m[35mCREATE TABLE "searchterms" ("id" bigserial primary key, "user_id" character varying, "search_term" character varying, "created_at" timestamp NOT NULL, "updated_at" timestamp NOT NULL)[0m
D, [2018-05-19T05:09:16.833124 #133] DEBUG -- :   [1m[36mActiveRecord::SchemaMigration Create (19.0ms)[0m  [1m[32mINSERT INTO "schema_migrations" ("version") VALUES ($1) RETURNING "version"[0m  [["version", "20180519044814"]]
D, [2018-05-19T05:09:16.855204 #133] DEBUG -- :   [1m[35m (21.2ms)[0m  [1m[35mCOMMIT[0m
D, [2018-05-19T05:09:16.938363 #133] DEBUG -- :   [1m[36mActiveRecord::InternalMetadata Load (17.4ms)[0m  [1m[34mSELECT  "ar_internal_metadata".* FROM "ar_internal_metadata" WHERE "ar_internal_metadata"."key" = $1 LIMIT $2[0m  [["key", "environment"], ["LIMIT", 1]]
D, [2018-05-19T05:09:16.988887 #133] DEBUG -- :   [1m[35m (17.4ms)[0m  [1m[35mBEGIN[0m
D, [2018-05-19T05:09:17.006895 #133] DEBUG -- :   [1m[35m (16.7ms)[0m  [1m[35mCOMMIT[0m
D, [2018-05-19T05:09:17.024990 #133] DEBUG -- :   [1m[35m (17.6ms)[0m  [1m[34mSELECT pg_advisory_unlock(6611380745613785295)[0m
I, [2018-05-19T05:09:42.857163 #137]  INFO -- : [28ff9ef0-677d-42e6-a05c-a42e346bcd51] Started GET "/searchterms" for 172.17.0.1 at 2018-05-19 05:09:42 +0000
I, [2018-05-19T05:09:42.860393 #137]  INFO -- : [28ff9ef0-677d-42e6-a05c-a42e346bcd51] Processing by SearchtermsController#index as HTML
I, [2018-05-19T05:09:42.900138 #137]  INFO -- : [28ff9ef0-677d-42e6-a05c-a42e346bcd51]   Rendering searchterms/index.html.erb within layouts/application
D, [2018-05-19T05:09:43.167426 #137] DEBUG -- : [28ff9ef0-677d-42e6-a05c-a42e346bcd51]   [1m[36mSearchterm Load (18.0ms)[0m  [1m[34mSELECT "searchterms".* FROM "searchterms"[0m
I, [2018-05-19T05:09:43.209177 #137]  INFO -- : [28ff9ef0-677d-42e6-a05c-a42e346bcd51]   Rendered searchterms/index.html.erb within layouts/application (308.7ms)
I, [2018-05-19T05:09:43.210647 #137]  INFO -- : [28ff9ef0-677d-42e6-a05c-a42e346bcd51] Completed 200 OK in 349ms (Views: 329.6ms | ActiveRecord: 174.6ms)
I, [2018-05-19T05:09:43.224287 #137]  INFO -- : [11c64367-0b6a-406f-8a61-1382dc7f2e23] Started GET "/assets/application-1db16ddbdbb8ba0fb708df682b4a2d9ecf1d1ec996f9ad8a0b6deee93affbfde.js" for 172.17.0.1 at 2018-05-19 05:09:43 +0000
F, [2018-05-19T05:09:43.228629 #137] FATAL -- : [11c64367-0b6a-406f-8a61-1382dc7f2e23]   
F, [2018-05-19T05:09:43.229330 #137] FATAL -- : [11c64367-0b6a-406f-8a61-1382dc7f2e23] ActionController::RoutingError (No route matches [GET] "/assets/application-1db16ddbdbb8ba0fb708df682b4a2d9ecf1d1ec996f9ad8a0b6deee93affbfde.js"):
F, [2018-05-19T05:09:43.230202 #137] FATAL -- : [11c64367-0b6a-406f-8a61-1382dc7f2e23]   
F, [2018-05-19T05:09:43.231084 #137] FATAL -- : [11c64367-0b6a-406f-8a61-1382dc7f2e23] actionpack (5.2.0) lib/action_dispatch/middleware/debug_exceptions.rb:65:in `call'
[11c64367-0b6a-406f-8a61-1382dc7f2e23] actionpack (5.2.0) lib/action_dispatch/middleware/show_exceptions.rb:33:in `call'
[11c64367-0b6a-406f-8a61-1382dc7f2e23] railties (5.2.0) lib/rails/rack/logger.rb:38:in `call_app'
[11c64367-0b6a-406f-8a61-1382dc7f2e23] railties (5.2.0) lib/rails/rack/logger.rb:26:in `block in call'
[11c64367-0b6a-406f-8a61-1382dc7f2e23] activesupport (5.2.0) lib/active_support/tagged_logging.rb:71:in `block in tagged'
[11c64367-0b6a-406f-8a61-1382dc7f2e23] activesupport (5.2.0) lib/active_support/tagged_logging.rb:28:in `tagged'
[11c64367-0b6a-406f-8a61-1382dc7f2e23] activesupport (5.2.0) lib/active_support/tagged_logging.rb:71:in `tagged'
[11c64367-0b6a-406f-8a61-1382dc7f2e23] railties (5.2.0) lib/rails/rack/logger.rb:26:in `call'
[11c64367-0b6a-406f-8a61-1382dc7f2e23] actionpack (5.2.0) lib/action_dispatch/middleware/remote_ip.rb:81:in `call'
[11c64367-0b6a-406f-8a61-1382dc7f2e23] actionpack (5.2.0) lib/action_dispatch/middleware/request_id.rb:27:in `call'
[11c64367-0b6a-406f-8a61-1382dc7f2e23] rack (2.0.5) lib/rack/method_override.rb:22:in `call'
[11c64367-0b6a-406f-8a61-1382dc7f2e23] rack (2.0.5) lib/rack/runtime.rb:22:in `call'
[11c64367-0b6a-406f-8a61-1382dc7f2e23] activesupport (5.2.0) lib/active_support/cache/strategy/local_cache_middleware.rb:29:in `call'
[11c64367-0b6a-406f-8a61-1382dc7f2e23] actionpack (5.2.0) lib/action_dispatch/middleware/executor.rb:14:in `call'
[11c64367-0b6a-406f-8a61-1382dc7f2e23] rack (2.0.5) lib/rack/sendfile.rb:111:in `call'
[11c64367-0b6a-406f-8a61-1382dc7f2e23] railties (5.2.0) lib/rails/engine.rb:524:in `call'
[11c64367-0b6a-406f-8a61-1382dc7f2e23] puma (3.11.4) lib/puma/configuration.rb:225:in `call'
[11c64367-0b6a-406f-8a61-1382dc7f2e23] puma (3.11.4) lib/puma/server.rb:632:in `handle_request'
[11c64367-0b6a-406f-8a61-1382dc7f2e23] puma (3.11.4) lib/puma/server.rb:446:in `process_client'
[11c64367-0b6a-406f-8a61-1382dc7f2e23] puma (3.11.4) lib/puma/server.rb:306:in `block in run'
[11c64367-0b6a-406f-8a61-1382dc7f2e23] puma (3.11.4) lib/puma/thread_pool.rb:120:in `block in spawn_thread'
I, [2018-05-19T05:09:43.224928 #137]  INFO -- : [ace9c0c2-b8d8-471b-a8db-f92434adef92] Started GET "/assets/application-35729bfbaf9967f119234595ed222f7ab14859f304ab0acc5451afb387f637fa.css" for 172.17.0.1 at 2018-05-19 05:09:43 +0000
F, [2018-05-19T05:09:43.235056 #137] FATAL -- : [ace9c0c2-b8d8-471b-a8db-f92434adef92]   
F, [2018-05-19T05:09:43.236009 #137] FATAL -- : [ace9c0c2-b8d8-471b-a8db-f92434adef92] ActionController::RoutingError (No route matches [GET] "/assets/application-35729bfbaf9967f119234595ed222f7ab14859f304ab0acc5451afb387f637fa.css"):
F, [2018-05-19T05:09:43.236393 #137] FATAL -- : [ace9c0c2-b8d8-471b-a8db-f92434adef92]   
F, [2018-05-19T05:09:43.237400 #137] FATAL -- : [ace9c0c2-b8d8-471b-a8db-f92434adef92] actionpack (5.2.0) lib/action_dispatch/middleware/debug_exceptions.rb:65:in `call'
[ace9c0c2-b8d8-471b-a8db-f92434adef92] actionpack (5.2.0) lib/action_dispatch/middleware/show_exceptions.rb:33:in `call'
[ace9c0c2-b8d8-471b-a8db-f92434adef92] railties (5.2.0) lib/rails/rack/logger.rb:38:in `call_app'
[ace9c0c2-b8d8-471b-a8db-f92434adef92] railties (5.2.0) lib/rails/rack/logger.rb:26:in `block in call'
[ace9c0c2-b8d8-471b-a8db-f92434adef92] activesupport (5.2.0) lib/active_support/tagged_logging.rb:71:in `block in tagged'
[ace9c0c2-b8d8-471b-a8db-f92434adef92] activesupport (5.2.0) lib/active_support/tagged_logging.rb:28:in `tagged'
[ace9c0c2-b8d8-471b-a8db-f92434adef92] activesupport (5.2.0) lib/active_support/tagged_logging.rb:71:in `tagged'
[ace9c0c2-b8d8-471b-a8db-f92434adef92] railties (5.2.0) lib/rails/rack/logger.rb:26:in `call'
[ace9c0c2-b8d8-471b-a8db-f92434adef92] actionpack (5.2.0) lib/action_dispatch/middleware/remote_ip.rb:81:in `call'
[ace9c0c2-b8d8-471b-a8db-f92434adef92] actionpack (5.2.0) lib/action_dispatch/middleware/request_id.rb:27:in `call'
[ace9c0c2-b8d8-471b-a8db-f92434adef92] rack (2.0.5) lib/rack/method_override.rb:22:in `call'
[ace9c0c2-b8d8-471b-a8db-f92434adef92] rack (2.0.5) lib/rack/runtime.rb:22:in `call'
[ace9c0c2-b8d8-471b-a8db-f92434adef92] activesupport (5.2.0) lib/active_support/cache/strategy/local_cache_middleware.rb:29:in `call'
[ace9c0c2-b8d8-471b-a8db-f92434adef92] actionpack (5.2.0) lib/action_dispatch/middleware/executor.rb:14:in `call'
[ace9c0c2-b8d8-471b-a8db-f92434adef92] rack (2.0.5) lib/rack/sendfile.rb:111:in `call'
[ace9c0c2-b8d8-471b-a8db-f92434adef92] railties (5.2.0) lib/rails/engine.rb:524:in `call'
[ace9c0c2-b8d8-471b-a8db-f92434adef92] puma (3.11.4) lib/puma/configuration.rb:225:in `call'
[ace9c0c2-b8d8-471b-a8db-f92434adef92] puma (3.11.4) lib/puma/server.rb:632:in `handle_request'
[ace9c0c2-b8d8-471b-a8db-f92434adef92] puma (3.11.4) lib/puma/server.rb:446:in `process_client'
[ace9c0c2-b8d8-471b-a8db-f92434adef92] puma (3.11.4) lib/puma/server.rb:306:in `block in run'
[ace9c0c2-b8d8-471b-a8db-f92434adef92] puma (3.11.4) lib/puma/thread_pool.rb:120:in `block in spawn_thread'
